##  Секционирование
Для примера возьмем таблицу flights и PostgreSQL 14 или выше, так как в таблице присутствует полнотекстовый индекс
который не поддерживается в секционированных таблицах до версии 14

Создадим помесячные партиции таблицы flights:

```
create table flights_2017_07 (like flights including all) inherits (flights);

create table flights_2017_07 (like flights including all) inherits (flights);

create table flights_2017_07 (like flights including all) inherits (flights);
```
```
alter table flights_2017_07 add check (scheduled_departure::date between date '2017-07-01' and date '2017-08-01' - 1);

alter table flights_2017_08 add check (scheduled_departure::date between date '2017-07-01' and date '2017-08-01' - 1);

alter table flights_2017_09 add check (scheduled_departure::date between date '2017-07-01' and date '2017-08-01' - 1);









```
Append  (cost=0.00..938.12 rows=172 width=67) (actual time=6.032..6.034 rows=0 loops=1)
   ->  Seq Scan on flights flights_1  (cost=0.00..888.82 rows=166 width=63) (actual time=6.009..6.010 rows=0 loops=1)
         Filter: ((scheduled_departure)::date = '2017-07-05'::date)
         Rows Removed by Filter: 33121
   ->  Seq Scan on flights_2017_07 flights_2  (cost=0.00..16.15 rows=2 width=170) (actual time=0.014..0.015 rows=0 loops=1)
         Filter: ((scheduled_departure)::date = '2017-07-05'::date)
   ->  Seq Scan on flights_2017_08 flights_3  (cost=0.00..16.15 rows=2 width=170) (actual time=0.001..0.001 rows=0 loops=1)
         Filter: ((scheduled_departure)::date = '2017-07-05'::date)
   ->  Seq Scan on flights_2017_09 flights_4  (cost=0.00..16.15 rows=2 width=170) (actual time=0.002..0.002 rows=0 loops=1)
         Filter: ((scheduled_departure)::date = '2017-07-05'::date)
 Planning Time: 0.975 ms
 Execution Time: 6.099 ms

```
