##  Секционирование
Для примера возьмем таблицу flights и PostgreSQL 14 или выше, так как в таблице присутствует полнотекстовый индекс
который не поддерживается в секционированных таблицах до версии 14

* Создадим помесячные партиции таблицы flights на основе даты отправления по расписанию, столбец `scheduled_departure`:

```
CREATE TABLE flights_2017_07 (LIKE flights INCLUDING ALL) INHERITS (flights);

CREATE TABLE  flights_2017_07 (LIKE flights INCLUDING ALL) INHERITS (flights);

CREATE TABLE  flights_2017_07 (LIKE flights INCLUDING ALL) INHERITS (flights);

```
* Добавим для созданных партиций ограничение проверку даты check:

```
ALTER TABLE flights_2017_07 ADD CHECK (scheduled_departure::date BETWEEN DATE '2017-07-01' AND DATE '2017-08-01' - 1);

ALTER TABLE flights_2017_08 ADD CHECK (scheduled_departure::date BETWEEN DATE '2017-07-01' AND DATE '2017-08-01' - 1);

ALTER TABLE flights_2017_09 ADD CHECK (scheduled_departure::date BETWEEN DATE '2017-07-01' AND DATE '2017-08-01' - 1);

```

* Создадим функцию для добавления новых данных в партицию:
  
  ```
  CTREATE OR REPLACE FUNCTION flights_select_part() RETURNS TRIGGER AS $$
  BEGIN
  IF new.scheduled_departure::date BETWEEN date '2017-07-01' AND DATE '2017-08-01' - 1 THEN
      INSERT INTO flights_2017_07 values (new.*);
  ELSEIF new.scheduled_departure::date BETWEEN date '2017-08-01' AND DATE '2017-09-01' - 1 THEN
      INSERT INTO flights_2017_08 VALUES (new.*);
  ELSEIF new.scheduled_departure::date BETWEEN date '2017-09-01' AND DATE '2017-10-01' - 1 THEN INSERT INTO flights_2017_09 VALUES (new.*);
  
  ELSE RAISE EXCEPTION 'this date not in your partitions. add partition';
  END IF;
  RETURN NULL;
  END;
  $$ language plpgsql;
  
  ```
  
 Далее создадим триггер на запуск функции перед вставкой в таблицу flights:

 ```
 CREATE TRIGGER check_date_fligths
 BEFORE INSERT ON flights
 FOR EACH ROW EXECUTE PROCEDURE flights_select_part();

 ```
* Внесем новые данные в таблицу flights :

`INSERT INTO flights VALUES (1111, 'PG013', date '2017-09-11', date '2017-09-12', 'DME', 'BTK', 'Scheduled', 312);`

Проверим появились ли они в таблице flights_2017_09

`SELECT * FROM flights_2017_09 \gx`

```
flight_id           | 1111
flight_no           | PG013
scheduled_departure | 2017-09-11 00:00:00+03
scheduled_arrival   | 2017-09-12 00:00:00+03
departure_airport   | DME
arrival_airport     | BTK
status              | Scheduled
aircraft_code       | 312
actual_departure    |
actual_arrival      |

```

### Данные появились, проверим скорость поиска с помощью EXPLAIN ANALYZE

`EXPLAIN ANALYZE SELECT * FROM flights WHERE scheduled_departure::date = '2017-07-05'`

Получаем вывод

```
Append  (cost=0.00..938.12 rows=172 width=67) (actual time=6.032..6.034 rows=0 loops=1)
   ->  Seq Scan on flights flights_1  (cost=0.00..888.82 rows=166 width=63) (actual time=6.009..6.010 rows=0 loops=1)
         Filter: ((scheduled_departure)::date = '2017-07-05'::date)
         Rows Removed by Filter: 33121
   ->  Seq Scan on flights_2017_07 flights_2  (cost=0.00..16.15 rows=2 width=170) (actual time=0.014..0.015 rows=0 loops=1)
         Filter: ((scheduled_departure)::date = '2017-07-05'::date)
   ->  Seq Scan on flights_2017_08 flights_3  (cost=0.00..16.15 rows=2 width=170) (actual time=0.001..0.001 rows=0 loops=1)
         Filter: ((scheduled_departure)::date = '2017-07-05'::date)
   ->  Seq Scan on flights_2017_09 flights_4  (cost=0.00..16.15 rows=2 width=170) (actual time=0.002..0.002 rows=0 loops=1)
         Filter: ((scheduled_departure)::date = '2017-07-05'::date)
 Planning Time: 0.975 ms
 Execution Time: 6.099 ms

```

Удалим все партиции в выполним тот же запрос получим


```
Seq Scan on flights  (cost=0.00..888.82 rows=166 width=63) (actual time=216.062..216.063 rows=0 loops=1)   Filter: ((scheduled_departure)::date = '2017-07-05'::date)
   Rows Removed by Filter: 33121
 Planning Time: 5.507 ms
 Execution Time: 216.847 ms
```

Вывод:
Партиционирование даже такой относительно небольшой таблицы дает кратный прирост скорости выборки данных, но так же есть риски неправильного создания функций обработки или триггеров.

