## Виды индексов. Работа с индексами и оптимизация запросов

### Для тестов возьмем БД demo small с сайта постгреспро

#### 1. Создать индекс к какой-либо из таблиц вашей БД. Прислать текстом результат команды explain

    * Создадим индекс для таблицы bookings.ticket_flights столбец ticket_no:

     `CREATE INDEX ticket_flights_ticket_no_idx ON bookings.ticket_flights (ticket_no);`

     * Посмотрим план выполнения запросов
     ```
     EXPLAIN ANALYZE SELECT ticket_no, flight_id, fare_conditions, amount
     FROM bookings.ticket_flights where ticket_no = '0005432159776';

     Index Scan using ticket_flights_ticket_no_idx on ticket_flights  (cost=0.42..16.46 rows=3 width=32) (actual time=0.857..0.869 rows=2 loops=1)
     Index Cond: (ticket_no = '0005432159776'::bpchar)
     Planning Time: 5.337 ms
     Execution Time: 1.256 ms
     ```
     
     * Удалим индекс и введем тот же запрос
     ```
     Index Scan using ticket_flights_pkey on ticket_flights  (cost=0.42..16.47 rows=3 width=32) (actual time=4.379..4.388 rows=2 loops=1)
     Index Cond: (ticket_no = '0005432159776'::bpchar)
     Planning Time: 0.666 ms
     Execution Time: 4.428 ms
     `
  Вывод: Индекс может достаточно сильно увеличить скорость выполнения но зависит от различных условий

   #### 2.  Реализовать индекс для полнотекстового поиска

        Для работы с полнотекстовым поиском необходимо установить расширение pg_trgm:

        CREATE EXTENSION pg_trgm;

        CREATE INDEX idx_p_name ON bookings.tickets USING gin(to_tsvector('english', passenger_name));


           Parallel Seq Scan on tickets  (cost=0.00..8054.07 rows=351 width=104) (actual time=4.100..44.611 rows=252 loops=3)
           Filter: (passenger_name = 'ALEKSANDR KUZNECOV'::text)
           Rows Removed by Filter: 121993
           Planning Time: 0.216 ms
           Execution Time: 104.238 ms

    Вывод: У меня получилось что этот индекс только замедлил выполнение запроса, видимо он подходит только для точечного ускорения доступа к определенным данным и гибкой настройки поиска

 Реализовать индекс на часть таблицы или индекс на поле с функцией

    Будем реализовывать индекс на часть таблицы

    CREATE INDEX high_amount_tickets ON bookings.ticket_flights (ticket_no) WHERE amount > 20000;

    Bitmap Heap Scan on ticket_flights  (cost=5133.17..17497.57 rows=291952 width=32) (actual time=44.066..80.791 rows=293674 loops=1)
    Recheck Cond: (amount > '20000'::numeric)
    Heap Blocks: exact=6707
    ->  Bitmap Index Scan on high_amount_tickets  (cost=0.00..5060.18 rows=291952 width=0) (actual time=42.002..42.003 rows=293674 loops=1)

Planning Time: 0.303 ms
Execution Time: 91.938 ms
 
 ```

    Без индекса получили значение

    Seq Scan on ticket_flights  (cost=0.00..21786.58 rows=291952 width=32) (actual time=0.017..171.256 rows=293674 loops=1)

Filter: (amount > '20000'::numeric)
Rows Removed by Filter: 752052
Planning Time: 0.168 ms
Execution Time: 184.456 ms
 
 ```

Вывод: плюс этого индекса в простоте использования и гибкости параметров, индекс дает хорошую прибавку скорости

Создать индекс на несколько полей

create index two_fields_index on bookings.tickets(passenger_id, passenger_name);

explain ANALYZE
SELECT passenger_id, passenger_name from bookings.tickets ORDER BY passenger_id, passenger_name

Index Only Scan using two_fields_index on tickets  (cost=0.42..14377.42 rows=366733 width=28) (actual time=0.049..67.039 rows=366733 loops=1)
Heap Fetches: 0
Planning Time: 0.184 ms
Execution Time: 90.584 ms

* Однако если мы поменяем местами столбцы в ORDER BY 
explain ANALYZE
SELECT passenger_id, passenger_name from bookings.tickets passenger_name, passenger_id

Sort  (cost=52479.97..53396.81 rows=366733 width=28) (actual time=984.518..1191.148 rows=366733 loops=1)
 Sort Key: passenger_name, passenger_id
 Sort Method: external merge  Disk: 13728kB
>  Seq Scan on tickets  (cost=0.00..9811.33 rows=366733 width=28) (actual time=0.024..72.104 rows=366733 loops=1)
Planning Time: 0.193 ms
Execution Time: 1204.373 ms

Выводы: Индекс жестко привязан к последовательности столбцов которые в нем были указаны
